### Starting TaskPrologue of job 1530706 on tg091 at Sat Feb 14 07:55:25 PM CET 2026
Running on cores 32-63 with governor ondemand
Sat Feb 14 19:55:25 2026       
+-----------------------------------------------------------------------------------------+
| NVIDIA-SMI 580.126.16             Driver Version: 580.126.16     CUDA Version: 13.0     |
+-----------------------------------------+------------------------+----------------------+
| GPU  Name                 Persistence-M | Bus-Id          Disp.A | Volatile Uncorr. ECC |
| Fan  Temp   Perf          Pwr:Usage/Cap |           Memory-Usage | GPU-Util  Compute M. |
|                                         |                        |               MIG M. |
|=========================================+========================+======================|
|   0  NVIDIA A100-SXM4-40GB          On  |   00000000:41:00.0 Off |                    0 |
| N/A   37C    P0             56W /  400W |       0MiB /  40960MiB |      0%      Default |
|                                         |                        |             Disabled |
+-----------------------------------------+------------------------+----------------------+

+-----------------------------------------------------------------------------------------+
| Processes:                                                                              |
|  GPU   GI   CI              PID   Type   Process name                        GPU Memory |
|        ID   ID                                                               Usage      |
|=========================================================================================|
|  No running processes found                                                             |
+-----------------------------------------------------------------------------------------+
### Finished TaskPrologue

========================================================================
Job started at: Sat Feb 14 07:55:26 PM CET 2026
Job ID: 1530706
Node: tg091
========================================================================

Python: /home/woody/iwi5/iwi5388h/software/private/conda/envs/controlnet/bin/python
Python version: Python 3.12.12
PyTorch version: 2.6.0+cu124
CUDA available: True
GPU: NVIDIA A100-SXM4-40GB

========================================================================
Environment Configuration
========================================================================
DDPM_DATA_ROOT: /home/woody/iwi5/iwi5388h/SENSATION/DDPM/data
DDPM_OUTPUT_ROOT: /home/woody/iwi5/iwi5388h/SENSATION/DDPM/outputs
HF_HOME: /home/woody/iwi5/iwi5388h/huggingface_cache
PYTHONPATH: /home/woody/iwi5/iwi5388h/SENSATION/DDPM:
========================================================================

Starting training...
========================================================================
======================================================================
CONTROLNET TRAINING - PHASE 1: DIFFUSION ONLY
======================================================================
================================================================================
DDPM Training Configuration
================================================================================
Environment: HPC

Paths:
  Project Root: /home/woody/iwi5/iwi5388h/SENSATION/DDPM
  Data Dir: /home/woody/iwi5/iwi5388h/SENSATION/DDPM/data
  Output Dir: /home/woody/iwi5/iwi5388h/SENSATION/DDPM/outputs
  Checkpoints: /home/woody/iwi5/iwi5388h/SENSATION/DDPM/outputs/checkpoints
  Logs: /home/woody/iwi5/iwi5388h/SENSATION/DDPM/outputs/logs

Model:
  SD Model: runwayml/stable-diffusion-v1-5
  ControlNet: lllyasviel/control_v11p_sd15_seg
  Resolution: 512

Training:
  Learning Rate: 1e-05
  Batch Size: 2
  Gradient Accumulation: 8
  Epochs: 50
================================================================================

Creating datasets...
Dataset initialized with 950 samples
  Images: /home/woody/iwi5/iwi5388h/SENSATION/DDPM/data/train/images
  Masks: /home/woody/iwi5/iwi5388h/SENSATION/DDPM/data/train/labels
  Prompts: /home/woody/iwi5/iwi5388h/SENSATION/DDPM/data/train/prompts/prompts.csv
  Resolution: 512
  Mask augmentation: True
Dataset initialized with 50 samples
  Images: /home/woody/iwi5/iwi5388h/SENSATION/DDPM/data/test/images
  Masks: /home/woody/iwi5/iwi5388h/SENSATION/DDPM/data/test/labels
  Prompts: /home/woody/iwi5/iwi5388h/SENSATION/DDPM/data/test/prompts/prompts.csv
  Resolution: 512
  Mask augmentation: False
Train samples: 950
Val samples: 50

======================================================================
🔎 SANITY CHECK: Fetching one batch...
======================================================================
✓ Batch keys: dict_keys(['image', 'mask', 'prompt', 'mask_rgb', 'image_name'])
✓ Image shape: torch.Size([2, 3, 512, 512])
✓ Mask shape: torch.Size([2, 512, 512])
✓ Number of prompts: 2
✓ First prompt: urban street scene, dusk lighting, after rain with wet surfaces, smartphone camera, street-level urb...
======================================================================

Initializing model...
============================================================
INITIALIZING CONTROLNET + STABLE DIFFUSION 1.5
============================================================

[1/5] Loading VAE from runwayml/stable-diffusion-v1-5...
✓ VAE loaded and frozen

[2/5] Loading text encoder from runwayml/stable-diffusion-v1-5...
✓ Text encoder loaded and frozen

[3/5] Loading tokenizer from runwayml/stable-diffusion-v1-5...
✓ Tokenizer loaded

[4/5] Loading UNet from runwayml/stable-diffusion-v1-5...
  Unfreezing late UNet blocks for texture learning...
  ✓ Unfroze up_blocks[-1] (18,810,560 params)
  ✓ Total UNet trainable params: 18,810,560
✓ UNet loaded with selective unfreezing (late blocks only)

[5/5] Loading ControlNet from lllyasviel/control_v11p_sd15_seg...
✓ ControlNet loaded with pretrained weights
  Applying LoRA to ControlNet (attention + conv_in)...
  ✓ ControlNet LoRA applied (rank=8, alpha=16)

Enabling gradient checkpointing...
✓ Gradient checkpointing enabled

Loading noise scheduler...
✓ DDPM scheduler loaded

============================================================
MODEL INITIALIZATION COMPLETE
============================================================

Total parameters: 1,428,245,563
Trainable parameters: 19,541,696
  - ControlNet LoRA: 731,136
  - UNet (late blocks): 18,810,560
Frozen parameters: 1,408,703,867
  - VAE: frozen
  - Text Encoder: frozen
  - UNet (early/mid blocks): frozen

Memory footprint (approx): 5.71 GB (fp32)
Trainable memory (approx): 0.08 GB (fp32)

======================================================================
🔴 OPTIMIZER PARAMETER COUNT
======================================================================
Total trainable parameters: 19,541,696
  - ControlNet LoRA: 731,136 (LR: 1e-05)
  - UNet late blocks: 18,810,560 (LR: 5e-07)
Memory estimate (FP32): 0.08 GB
Memory estimate (FP16): 0.04 GB
AdamW state memory: ~0.16 GB (2x params for momentum + variance)
======================================================================

✓ Using AdamW optimizer
⚠️  Could not load best overall checkpoint: Weights only load failed. This file can still be loaded, to do so you have two options, [1mdo those steps only if you trust the source of the checkpoint[0m. 
	(1) In PyTorch 2.6, we changed the default value of the `weights_only` argument in `torch.load` from `False` to `True`. Re-running `torch.load` with `weights_only` set to `False` will likely succeed, but it can result in arbitrary code execution. Do it only if you got the file from a trusted source.
	(2) Alternatively, to load with `weights_only=True` please check the recommended steps in the following error message.
	WeightsUnpickler error: Unsupported global: GLOBAL numpy._core.multiarray.scalar was not an allowed global by default. Please use `torch.serialization.add_safe_globals([scalar])` or the `torch.serialization.safe_globals([scalar])` context manager to allowlist this global if you trust this class/function.

Check the documentation of torch.load to learn more about types accepted by default with weights_only https://pytorch.org/docs/stable/generated/torch.load.html.
Unwrapping PEFT ControlNet for pipeline...
CONTROLNET TYPE: <class 'diffusers.models.controlnets.controlnet.ControlNetModel'>
UNET TYPE: <class 'diffusers.models.unets.unet_2d_condition.UNet2DConditionModel'>
======================================================================
TRAINER INITIALIZED
======================================================================
Learning rate: 1e-05
Epochs: 50
Gradient accumulation: 8
Mixed precision: fp16
Output directory: /home/woody/iwi5/iwi5388h/SENSATION/DDPM/outputs
======================================================================

======================================================================
STARTING TRAINING
======================================================================

Epoch 1/50
----------------------------------------------------------------------
Step 50 | Loss: 0.1764 | LR: 5.00e-06

======================================================================
EPOCH 1/50 COMPLETE
======================================================================
Average training loss: 0.1594
Total steps: 59

----------------------------------------------------------------------
END-OF-EPOCH FULL EVALUATION
----------------------------------------------------------------------

Running full evaluation (mIoU + FID)...

  Testing control strength: 1.0
⚠️ No segmentor loaded, skipping mIoU evaluation
    mIoU: 0.0000
    FID: 242.55

mIoU: 0.0000 | Best: 0.0000
FID: 242.55 | Best: inf
Val loss: 0.1064 | Best: inf
★ NEW BEST FID!
⚠️ No segmentor loaded - mIoU tracking disabled
✓ NEW BEST VAL LOSS!
✓ Checkpoint saved: /home/woody/iwi5/iwi5388h/SENSATION/DDPM/outputs/checkpoints/run_20260214_200134_step_000059.pt
✓ Best model (current run) saved: /home/woody/iwi5/iwi5388h/SENSATION/DDPM/outputs/checkpoints/best_run_1530706.pt
★ BEST FID MODEL saved: /home/woody/iwi5/iwi5388h/SENSATION/DDPM/outputs/checkpoints/best_fid_model.pt
======================================================================


Epoch 2/50
----------------------------------------------------------------------
Step 100 | Loss: 0.1429 | LR: 1.00e-05

======================================================================
EPOCH 2/50 COMPLETE
======================================================================
Average training loss: 0.1445
Total steps: 118

----------------------------------------------------------------------
END-OF-EPOCH FULL EVALUATION
----------------------------------------------------------------------

Running full evaluation (mIoU + FID)...

  Testing control strength: 1.0
⚠️ No segmentor loaded, skipping mIoU evaluation
    mIoU: 0.0000
    FID: 239.02

mIoU: 0.0000 | Best: 0.0000
FID: 239.02 | Best: 242.55
Val loss: 0.2087 | Best: 0.1064
★ NEW BEST FID!
⚠️ No segmentor loaded - mIoU tracking disabled
✓ Checkpoint saved: /home/woody/iwi5/iwi5388h/SENSATION/DDPM/outputs/checkpoints/run_20260214_200134_step_000118.pt
★ BEST FID MODEL saved: /home/woody/iwi5/iwi5388h/SENSATION/DDPM/outputs/checkpoints/best_fid_model.pt
======================================================================


Epoch 3/50
----------------------------------------------------------------------
Step 150 | Loss: 0.1509 | LR: 1.00e-05

======================================================================
EPOCH 3/50 COMPLETE
======================================================================
Average training loss: 0.1516
Total steps: 177

----------------------------------------------------------------------
END-OF-EPOCH FULL EVALUATION
----------------------------------------------------------------------

Running full evaluation (mIoU + FID)...

  Testing control strength: 1.0
⚠️ No segmentor loaded, skipping mIoU evaluation
    mIoU: 0.0000
    FID: 231.34

mIoU: 0.0000 | Best: 0.0000
FID: 231.34 | Best: 239.02
Val loss: 0.1427 | Best: 0.1064
★ NEW BEST FID!
⚠️ No segmentor loaded - mIoU tracking disabled
✓ Checkpoint saved: /home/woody/iwi5/iwi5388h/SENSATION/DDPM/outputs/checkpoints/run_20260214_200134_step_000177.pt
★ BEST FID MODEL saved: /home/woody/iwi5/iwi5388h/SENSATION/DDPM/outputs/checkpoints/best_fid_model.pt
======================================================================


Epoch 4/50
----------------------------------------------------------------------
Step 200 | Loss: 0.1965 | LR: 1.00e-05

======================================================================
EPOCH 4/50 COMPLETE
======================================================================
Average training loss: 0.1608
Total steps: 236

----------------------------------------------------------------------
END-OF-EPOCH FULL EVALUATION
----------------------------------------------------------------------

Running full evaluation (mIoU + FID)...

  Testing control strength: 1.0
⚠️ No segmentor loaded, skipping mIoU evaluation
    mIoU: 0.0000
    FID: 226.41

mIoU: 0.0000 | Best: 0.0000
FID: 226.41 | Best: 231.34
Val loss: 0.1768 | Best: 0.1064
★ NEW BEST FID!
⚠️ No segmentor loaded - mIoU tracking disabled
✓ Checkpoint saved: /home/woody/iwi5/iwi5388h/SENSATION/DDPM/outputs/checkpoints/run_20260214_200134_step_000236.pt
★ BEST FID MODEL saved: /home/woody/iwi5/iwi5388h/SENSATION/DDPM/outputs/checkpoints/best_fid_model.pt
======================================================================


Epoch 5/50
----------------------------------------------------------------------
Step 250 | Loss: 0.1708 | LR: 1.00e-05

======================================================================
EPOCH 5/50 COMPLETE
======================================================================
Average training loss: 0.1575
Total steps: 295

----------------------------------------------------------------------
END-OF-EPOCH FULL EVALUATION
----------------------------------------------------------------------

Running full evaluation (mIoU + FID)...

  Testing control strength: 1.0
⚠️ No segmentor loaded, skipping mIoU evaluation
    mIoU: 0.0000
    FID: 217.75

mIoU: 0.0000 | Best: 0.0000
FID: 217.75 | Best: 226.41
Val loss: 0.1508 | Best: 0.1064
★ NEW BEST FID!
⚠️ No segmentor loaded - mIoU tracking disabled
✓ Checkpoint saved: /home/woody/iwi5/iwi5388h/SENSATION/DDPM/outputs/checkpoints/run_20260214_200134_step_000295.pt
★ BEST FID MODEL saved: /home/woody/iwi5/iwi5388h/SENSATION/DDPM/outputs/checkpoints/best_fid_model.pt
======================================================================


Epoch 6/50
----------------------------------------------------------------------
Step 300 | Loss: 0.1682 | LR: 1.00e-05
Step 350 | Loss: 0.1678 | LR: 1.00e-05

======================================================================
EPOCH 6/50 COMPLETE
======================================================================
Average training loss: 0.1535
Total steps: 354

----------------------------------------------------------------------
END-OF-EPOCH FULL EVALUATION
----------------------------------------------------------------------

Running full evaluation (mIoU + FID)...

  Testing control strength: 1.0
⚠️ No segmentor loaded, skipping mIoU evaluation
    mIoU: 0.0000
    FID: 208.01

mIoU: 0.0000 | Best: 0.0000
FID: 208.01 | Best: 217.75
Val loss: 0.1709 | Best: 0.1064
★ NEW BEST FID!
⚠️ No segmentor loaded - mIoU tracking disabled
✓ Checkpoint saved: /home/woody/iwi5/iwi5388h/SENSATION/DDPM/outputs/checkpoints/run_20260214_200134_step_000354.pt
★ BEST FID MODEL saved: /home/woody/iwi5/iwi5388h/SENSATION/DDPM/outputs/checkpoints/best_fid_model.pt
Removed old checkpoint: run_20260214_200134_step_000059.pt
======================================================================


Epoch 7/50
----------------------------------------------------------------------
Step 400 | Loss: 0.1763 | LR: 1.00e-05

======================================================================
EPOCH 7/50 COMPLETE
======================================================================
Average training loss: 0.1647
Total steps: 413

----------------------------------------------------------------------
END-OF-EPOCH FULL EVALUATION
----------------------------------------------------------------------

Running full evaluation (mIoU + FID)...

  Testing control strength: 1.0
⚠️ No segmentor loaded, skipping mIoU evaluation
    mIoU: 0.0000
    FID: 203.07

mIoU: 0.0000 | Best: 0.0000
FID: 203.07 | Best: 208.01
Val loss: 0.1351 | Best: 0.1064
★ NEW BEST FID!
⚠️ No segmentor loaded - mIoU tracking disabled
✓ Checkpoint saved: /home/woody/iwi5/iwi5388h/SENSATION/DDPM/outputs/checkpoints/run_20260214_200134_step_000413.pt
★ BEST FID MODEL saved: /home/woody/iwi5/iwi5388h/SENSATION/DDPM/outputs/checkpoints/best_fid_model.pt
Removed old checkpoint: run_20260214_200134_step_000118.pt
======================================================================


Epoch 8/50
----------------------------------------------------------------------
Step 450 | Loss: 0.1388 | LR: 1.00e-05

======================================================================
EPOCH 8/50 COMPLETE
======================================================================
Average training loss: 0.1496
Total steps: 472

----------------------------------------------------------------------
END-OF-EPOCH FULL EVALUATION
----------------------------------------------------------------------

Running full evaluation (mIoU + FID)...

  Testing control strength: 1.0
⚠️ No segmentor loaded, skipping mIoU evaluation
    mIoU: 0.0000
    FID: 198.20

mIoU: 0.0000 | Best: 0.0000
FID: 198.20 | Best: 203.07
Val loss: 0.1821 | Best: 0.1064
★ NEW BEST FID!
⚠️ No segmentor loaded - mIoU tracking disabled
✓ Checkpoint saved: /home/woody/iwi5/iwi5388h/SENSATION/DDPM/outputs/checkpoints/run_20260214_200134_step_000472.pt
★ BEST FID MODEL saved: /home/woody/iwi5/iwi5388h/SENSATION/DDPM/outputs/checkpoints/best_fid_model.pt
Removed old checkpoint: run_20260214_200134_step_000177.pt
======================================================================


Epoch 9/50
----------------------------------------------------------------------
Step 500 | Loss: 0.1351 | LR: 1.00e-05
✓ Checkpoint saved: /home/woody/iwi5/iwi5388h/SENSATION/DDPM/outputs/checkpoints/run_20260214_200134_step_000500.pt
Removed old checkpoint: run_20260214_200134_step_000236.pt

======================================================================
EPOCH 9/50 COMPLETE
======================================================================
Average training loss: 0.1505
Total steps: 531

----------------------------------------------------------------------
END-OF-EPOCH FULL EVALUATION
----------------------------------------------------------------------

Running full evaluation (mIoU + FID)...

  Testing control strength: 1.0
⚠️ No segmentor loaded, skipping mIoU evaluation
    mIoU: 0.0000
    FID: 195.95

mIoU: 0.0000 | Best: 0.0000
FID: 195.95 | Best: 198.20
Val loss: 0.1900 | Best: 0.1064
★ NEW BEST FID!
⚠️ No segmentor loaded - mIoU tracking disabled
✓ Checkpoint saved: /home/woody/iwi5/iwi5388h/SENSATION/DDPM/outputs/checkpoints/run_20260214_200134_step_000531.pt
★ BEST FID MODEL saved: /home/woody/iwi5/iwi5388h/SENSATION/DDPM/outputs/checkpoints/best_fid_model.pt
Removed old checkpoint: run_20260214_200134_step_000295.pt
======================================================================


Epoch 10/50
----------------------------------------------------------------------
Step 550 | Loss: 0.1588 | LR: 1.00e-05

======================================================================
EPOCH 10/50 COMPLETE
======================================================================
Average training loss: 0.1533
Total steps: 590

----------------------------------------------------------------------
END-OF-EPOCH FULL EVALUATION
----------------------------------------------------------------------

Running full evaluation (mIoU + FID)...

  Testing control strength: 1.0
⚠️ No segmentor loaded, skipping mIoU evaluation
    mIoU: 0.0000
    FID: 188.37

mIoU: 0.0000 | Best: 0.0000
FID: 188.37 | Best: 195.95
Val loss: 0.1254 | Best: 0.1064
★ NEW BEST FID!
⚠️ No segmentor loaded - mIoU tracking disabled
✓ Checkpoint saved: /home/woody/iwi5/iwi5388h/SENSATION/DDPM/outputs/checkpoints/run_20260214_200134_step_000590.pt
★ BEST FID MODEL saved: /home/woody/iwi5/iwi5388h/SENSATION/DDPM/outputs/checkpoints/best_fid_model.pt
Removed old checkpoint: run_20260214_200134_step_000354.pt
======================================================================


Epoch 11/50
----------------------------------------------------------------------
Step 600 | Loss: 0.1562 | LR: 1.00e-05

======================================================================
EPOCH 11/50 COMPLETE
======================================================================
Average training loss: 0.1484
Total steps: 649

----------------------------------------------------------------------
END-OF-EPOCH FULL EVALUATION
----------------------------------------------------------------------

Running full evaluation (mIoU + FID)...

  Testing control strength: 1.0
⚠️ No segmentor loaded, skipping mIoU evaluation
    mIoU: 0.0000
    FID: 184.86

mIoU: 0.0000 | Best: 0.0000
FID: 184.86 | Best: 188.37
Val loss: 0.1830 | Best: 0.1064
★ NEW BEST FID!
⚠️ No segmentor loaded - mIoU tracking disabled
✓ Checkpoint saved: /home/woody/iwi5/iwi5388h/SENSATION/DDPM/outputs/checkpoints/run_20260214_200134_step_000649.pt
★ BEST FID MODEL saved: /home/woody/iwi5/iwi5388h/SENSATION/DDPM/outputs/checkpoints/best_fid_model.pt
Removed old checkpoint: run_20260214_200134_step_000413.pt
======================================================================


Epoch 12/50
----------------------------------------------------------------------
Step 650 | Loss: 0.0757 | LR: 1.00e-05
Step 700 | Loss: 0.1505 | LR: 1.00e-05

======================================================================
EPOCH 12/50 COMPLETE
======================================================================
Average training loss: 0.1627
Total steps: 708

----------------------------------------------------------------------
END-OF-EPOCH FULL EVALUATION
----------------------------------------------------------------------

Running full evaluation (mIoU + FID)...

  Testing control strength: 1.0
⚠️ No segmentor loaded, skipping mIoU evaluation
    mIoU: 0.0000
    FID: 183.87

mIoU: 0.0000 | Best: 0.0000
FID: 183.87 | Best: 184.86
Val loss: 0.1745 | Best: 0.1064
★ NEW BEST FID!
⚠️ No segmentor loaded - mIoU tracking disabled
✓ Checkpoint saved: /home/woody/iwi5/iwi5388h/SENSATION/DDPM/outputs/checkpoints/run_20260214_200134_step_000708.pt
★ BEST FID MODEL saved: /home/woody/iwi5/iwi5388h/SENSATION/DDPM/outputs/checkpoints/best_fid_model.pt
Removed old checkpoint: run_20260214_200134_step_000472.pt
======================================================================


Epoch 13/50
----------------------------------------------------------------------
Step 750 | Loss: 0.1377 | LR: 1.00e-05

======================================================================
EPOCH 13/50 COMPLETE
======================================================================
Average training loss: 0.1577
Total steps: 767

----------------------------------------------------------------------
END-OF-EPOCH FULL EVALUATION
----------------------------------------------------------------------

Running full evaluation (mIoU + FID)...

  Testing control strength: 1.0
⚠️ No segmentor loaded, skipping mIoU evaluation
    mIoU: 0.0000
    FID: 181.70

mIoU: 0.0000 | Best: 0.0000
FID: 181.70 | Best: 183.87
Val loss: 0.1557 | Best: 0.1064
★ NEW BEST FID!
⚠️ No segmentor loaded - mIoU tracking disabled
✓ Checkpoint saved: /home/woody/iwi5/iwi5388h/SENSATION/DDPM/outputs/checkpoints/run_20260214_200134_step_000767.pt
★ BEST FID MODEL saved: /home/woody/iwi5/iwi5388h/SENSATION/DDPM/outputs/checkpoints/best_fid_model.pt
Removed old checkpoint: run_20260214_200134_step_000500.pt
======================================================================


Epoch 14/50
----------------------------------------------------------------------
Step 800 | Loss: 0.1283 | LR: 1.00e-05

======================================================================
EPOCH 14/50 COMPLETE
======================================================================
Average training loss: 0.1518
Total steps: 826

----------------------------------------------------------------------
END-OF-EPOCH FULL EVALUATION
----------------------------------------------------------------------

Running full evaluation (mIoU + FID)...

  Testing control strength: 1.0
⚠️ No segmentor loaded, skipping mIoU evaluation
    mIoU: 0.0000
    FID: 175.04

mIoU: 0.0000 | Best: 0.0000
FID: 175.04 | Best: 181.70
Val loss: 0.1592 | Best: 0.1064
★ NEW BEST FID!
⚠️ No segmentor loaded - mIoU tracking disabled
✓ Checkpoint saved: /home/woody/iwi5/iwi5388h/SENSATION/DDPM/outputs/checkpoints/run_20260214_200134_step_000826.pt
★ BEST FID MODEL saved: /home/woody/iwi5/iwi5388h/SENSATION/DDPM/outputs/checkpoints/best_fid_model.pt
Removed old checkpoint: run_20260214_200134_step_000531.pt
======================================================================


Epoch 15/50
----------------------------------------------------------------------
Step 850 | Loss: 0.1461 | LR: 1.00e-05

======================================================================
EPOCH 15/50 COMPLETE
======================================================================
Average training loss: 0.1498
Total steps: 885

----------------------------------------------------------------------
END-OF-EPOCH FULL EVALUATION
----------------------------------------------------------------------

Running full evaluation (mIoU + FID)...

  Testing control strength: 1.0
⚠️ No segmentor loaded, skipping mIoU evaluation
    mIoU: 0.0000
    FID: 172.06

mIoU: 0.0000 | Best: 0.0000
FID: 172.06 | Best: 175.04
Val loss: 0.1684 | Best: 0.1064
★ NEW BEST FID!
⚠️ No segmentor loaded - mIoU tracking disabled
✓ Checkpoint saved: /home/woody/iwi5/iwi5388h/SENSATION/DDPM/outputs/checkpoints/run_20260214_200134_step_000885.pt
★ BEST FID MODEL saved: /home/woody/iwi5/iwi5388h/SENSATION/DDPM/outputs/checkpoints/best_fid_model.pt
Removed old checkpoint: run_20260214_200134_step_000590.pt
======================================================================


Epoch 16/50
----------------------------------------------------------------------
Step 900 | Loss: 0.1572 | LR: 1.00e-05

======================================================================
EPOCH 16/50 COMPLETE
======================================================================
Average training loss: 0.1522
Total steps: 944

----------------------------------------------------------------------
END-OF-EPOCH FULL EVALUATION
----------------------------------------------------------------------

Running full evaluation (mIoU + FID)...

  Testing control strength: 1.0
⚠️ No segmentor loaded, skipping mIoU evaluation
    mIoU: 0.0000
    FID: 169.89

mIoU: 0.0000 | Best: 0.0000
FID: 169.89 | Best: 172.06
Val loss: 0.1041 | Best: 0.1064
★ NEW BEST FID!
⚠️ No segmentor loaded - mIoU tracking disabled
✓ NEW BEST VAL LOSS!
✓ Checkpoint saved: /home/woody/iwi5/iwi5388h/SENSATION/DDPM/outputs/checkpoints/run_20260214_200134_step_000944.pt
✓ Best model (current run) saved: /home/woody/iwi5/iwi5388h/SENSATION/DDPM/outputs/checkpoints/best_run_1530706.pt
★ BEST FID MODEL saved: /home/woody/iwi5/iwi5388h/SENSATION/DDPM/outputs/checkpoints/best_fid_model.pt
Removed old checkpoint: run_20260214_200134_step_000649.pt
======================================================================


Epoch 17/50
----------------------------------------------------------------------
Step 950 | Loss: 0.1598 | LR: 1.00e-05
Step 1000 | Loss: 0.1391 | LR: 1.00e-05

======================================================================
VALIDATION - Step 1000
======================================================================
Train loss: 0.1544
Val loss: 0.1491
★ NEW BEST OVERALL!
======================================================================

✓ Saved 4 samples to /home/woody/iwi5/iwi5388h/SENSATION/DDPM/outputs/samples/step_001000_20260214_212120
  - Concatenated visualizations: sample_*_concat.png
  - 4 variations per prompt
✓ Checkpoint saved: /home/woody/iwi5/iwi5388h/SENSATION/DDPM/outputs/checkpoints/run_20260214_200134_step_001000.pt
★ BEST MODEL OVERALL saved: /home/woody/iwi5/iwi5388h/SENSATION/DDPM/outputs/checkpoints/best_model_overall.pt
Removed old checkpoint: run_20260214_200134_step_000708.pt

======================================================================
EPOCH 17/50 COMPLETE
======================================================================
Average training loss: 0.1529
Total steps: 1003

----------------------------------------------------------------------
END-OF-EPOCH FULL EVALUATION
----------------------------------------------------------------------

Running full evaluation (mIoU + FID)...

  Testing control strength: 1.0
⚠️ No segmentor loaded, skipping mIoU evaluation
    mIoU: 0.0000
    FID: 170.08

mIoU: 0.0000 | Best: 0.0000
FID: 170.08 | Best: 169.89
Val loss: 0.1602 | Best: 0.1041
⚠️ No segmentor loaded - mIoU tracking disabled
✓ Checkpoint saved: /home/woody/iwi5/iwi5388h/SENSATION/DDPM/outputs/checkpoints/run_20260214_200134_step_001003.pt
Removed old checkpoint: run_20260214_200134_step_000767.pt
======================================================================


Epoch 18/50
----------------------------------------------------------------------
Step 1050 | Loss: 0.1539 | LR: 1.00e-05

======================================================================
EPOCH 18/50 COMPLETE
======================================================================
Average training loss: 0.1560
Total steps: 1062

----------------------------------------------------------------------
END-OF-EPOCH FULL EVALUATION
----------------------------------------------------------------------

Running full evaluation (mIoU + FID)...

  Testing control strength: 1.0
⚠️ No segmentor loaded, skipping mIoU evaluation
    mIoU: 0.0000
    FID: 167.78

mIoU: 0.0000 | Best: 0.0000
FID: 167.78 | Best: 169.89
Val loss: 0.1064 | Best: 0.1041
★ NEW BEST FID!
⚠️ No segmentor loaded - mIoU tracking disabled
✓ Checkpoint saved: /home/woody/iwi5/iwi5388h/SENSATION/DDPM/outputs/checkpoints/run_20260214_200134_step_001062.pt
★ BEST FID MODEL saved: /home/woody/iwi5/iwi5388h/SENSATION/DDPM/outputs/checkpoints/best_fid_model.pt
Removed old checkpoint: run_20260214_200134_step_000826.pt
======================================================================


Epoch 19/50
----------------------------------------------------------------------
Step 1100 | Loss: 0.1311 | LR: 1.00e-05

======================================================================
EPOCH 19/50 COMPLETE
======================================================================
Average training loss: 0.1584
Total steps: 1121

----------------------------------------------------------------------
END-OF-EPOCH FULL EVALUATION
----------------------------------------------------------------------

Running full evaluation (mIoU + FID)...

  Testing control strength: 1.0
⚠️ No segmentor loaded, skipping mIoU evaluation
    mIoU: 0.0000
    FID: 170.32

mIoU: 0.0000 | Best: 0.0000
FID: 170.32 | Best: 167.78
Val loss: 0.1423 | Best: 0.1041
⚠️ No segmentor loaded - mIoU tracking disabled
✓ Checkpoint saved: /home/woody/iwi5/iwi5388h/SENSATION/DDPM/outputs/checkpoints/run_20260214_200134_step_001121.pt
Removed old checkpoint: run_20260214_200134_step_000885.pt
======================================================================


Epoch 20/50
----------------------------------------------------------------------
Step 1150 | Loss: 0.1265 | LR: 1.00e-05

======================================================================
EPOCH 20/50 COMPLETE
======================================================================
Average training loss: 0.1459
Total steps: 1180

----------------------------------------------------------------------
END-OF-EPOCH FULL EVALUATION
----------------------------------------------------------------------

Running full evaluation (mIoU + FID)...

  Testing control strength: 1.0
⚠️ No segmentor loaded, skipping mIoU evaluation
    mIoU: 0.0000
    FID: 166.84

mIoU: 0.0000 | Best: 0.0000
FID: 166.84 | Best: 167.78
Val loss: 0.1477 | Best: 0.1041
★ NEW BEST FID!
⚠️ No segmentor loaded - mIoU tracking disabled
✓ Checkpoint saved: /home/woody/iwi5/iwi5388h/SENSATION/DDPM/outputs/checkpoints/run_20260214_200134_step_001180.pt
★ BEST FID MODEL saved: /home/woody/iwi5/iwi5388h/SENSATION/DDPM/outputs/checkpoints/best_fid_model.pt
Removed old checkpoint: run_20260214_200134_step_000944.pt
======================================================================


Epoch 21/50
----------------------------------------------------------------------
Step 1200 | Loss: 0.1743 | LR: 1.00e-05

======================================================================
EPOCH 21/50 COMPLETE
======================================================================
Average training loss: 0.1610
Total steps: 1239

----------------------------------------------------------------------
END-OF-EPOCH FULL EVALUATION
----------------------------------------------------------------------

Running full evaluation (mIoU + FID)...

  Testing control strength: 1.0
⚠️ No segmentor loaded, skipping mIoU evaluation
    mIoU: 0.0000
    FID: 164.83

mIoU: 0.0000 | Best: 0.0000
FID: 164.83 | Best: 166.84
Val loss: 0.1053 | Best: 0.1041
★ NEW BEST FID!
⚠️ No segmentor loaded - mIoU tracking disabled
✓ Checkpoint saved: /home/woody/iwi5/iwi5388h/SENSATION/DDPM/outputs/checkpoints/run_20260214_200134_step_001239.pt
★ BEST FID MODEL saved: /home/woody/iwi5/iwi5388h/SENSATION/DDPM/outputs/checkpoints/best_fid_model.pt
Removed old checkpoint: run_20260214_200134_step_001000.pt
======================================================================


Epoch 22/50
----------------------------------------------------------------------
Step 1250 | Loss: 0.1466 | LR: 1.00e-05

======================================================================
EPOCH 22/50 COMPLETE
======================================================================
Average training loss: 0.1525
Total steps: 1298

----------------------------------------------------------------------
END-OF-EPOCH FULL EVALUATION
----------------------------------------------------------------------

Running full evaluation (mIoU + FID)...

  Testing control strength: 1.0
⚠️ No segmentor loaded, skipping mIoU evaluation
    mIoU: 0.0000
    FID: 162.15

mIoU: 0.0000 | Best: 0.0000
FID: 162.15 | Best: 164.83
Val loss: 0.1257 | Best: 0.1041
★ NEW BEST FID!
⚠️ No segmentor loaded - mIoU tracking disabled
✓ Checkpoint saved: /home/woody/iwi5/iwi5388h/SENSATION/DDPM/outputs/checkpoints/run_20260214_200134_step_001298.pt
★ BEST FID MODEL saved: /home/woody/iwi5/iwi5388h/SENSATION/DDPM/outputs/checkpoints/best_fid_model.pt
Removed old checkpoint: run_20260214_200134_step_001003.pt
======================================================================


Epoch 23/50
----------------------------------------------------------------------
Step 1300 | Loss: 0.1417 | LR: 1.00e-05
Step 1350 | Loss: 0.1414 | LR: 1.00e-05

======================================================================
EPOCH 23/50 COMPLETE
======================================================================
Average training loss: 0.1460
Total steps: 1357

----------------------------------------------------------------------
END-OF-EPOCH FULL EVALUATION
----------------------------------------------------------------------

Running full evaluation (mIoU + FID)...

  Testing control strength: 1.0
⚠️ No segmentor loaded, skipping mIoU evaluation
    mIoU: 0.0000
    FID: 162.30

mIoU: 0.0000 | Best: 0.0000
FID: 162.30 | Best: 162.15
Val loss: 0.1305 | Best: 0.1041
⚠️ No segmentor loaded - mIoU tracking disabled
✓ Checkpoint saved: /home/woody/iwi5/iwi5388h/SENSATION/DDPM/outputs/checkpoints/run_20260214_200134_step_001357.pt
Removed old checkpoint: run_20260214_200134_step_001062.pt
======================================================================


Epoch 24/50
----------------------------------------------------------------------
Step 1400 | Loss: 0.1225 | LR: 1.00e-05

======================================================================
EPOCH 24/50 COMPLETE
======================================================================
Average training loss: 0.1570
Total steps: 1416

----------------------------------------------------------------------
END-OF-EPOCH FULL EVALUATION
----------------------------------------------------------------------

Running full evaluation (mIoU + FID)...

  Testing control strength: 1.0
⚠️ No segmentor loaded, skipping mIoU evaluation
    mIoU: 0.0000
    FID: 161.47

mIoU: 0.0000 | Best: 0.0000
FID: 161.47 | Best: 162.15
Val loss: 0.1958 | Best: 0.1041
★ NEW BEST FID!
⚠️ No segmentor loaded - mIoU tracking disabled
✓ Checkpoint saved: /home/woody/iwi5/iwi5388h/SENSATION/DDPM/outputs/checkpoints/run_20260214_200134_step_001416.pt
★ BEST FID MODEL saved: /home/woody/iwi5/iwi5388h/SENSATION/DDPM/outputs/checkpoints/best_fid_model.pt
Removed old checkpoint: run_20260214_200134_step_001121.pt
======================================================================


Epoch 25/50
----------------------------------------------------------------------
Step 1450 | Loss: 0.1856 | LR: 1.00e-05

======================================================================
EPOCH 25/50 COMPLETE
======================================================================
Average training loss: 0.1570
Total steps: 1475

----------------------------------------------------------------------
END-OF-EPOCH FULL EVALUATION
----------------------------------------------------------------------

Running full evaluation (mIoU + FID)...

  Testing control strength: 1.0
⚠️ No segmentor loaded, skipping mIoU evaluation
    mIoU: 0.0000
    FID: 160.89

mIoU: 0.0000 | Best: 0.0000
FID: 160.89 | Best: 161.47
Val loss: 0.1693 | Best: 0.1041
★ NEW BEST FID!
⚠️ No segmentor loaded - mIoU tracking disabled
✓ Checkpoint saved: /home/woody/iwi5/iwi5388h/SENSATION/DDPM/outputs/checkpoints/run_20260214_200134_step_001475.pt
★ BEST FID MODEL saved: /home/woody/iwi5/iwi5388h/SENSATION/DDPM/outputs/checkpoints/best_fid_model.pt
Removed old checkpoint: run_20260214_200134_step_001180.pt
======================================================================


Epoch 26/50
----------------------------------------------------------------------
Step 1500 | Loss: 0.1504 | LR: 1.00e-05
✓ Checkpoint saved: /home/woody/iwi5/iwi5388h/SENSATION/DDPM/outputs/checkpoints/run_20260214_200134_step_001500.pt
Removed old checkpoint: run_20260214_200134_step_001239.pt

======================================================================
EPOCH 26/50 COMPLETE
======================================================================
Average training loss: 0.1598
Total steps: 1534

----------------------------------------------------------------------
END-OF-EPOCH FULL EVALUATION
----------------------------------------------------------------------

Running full evaluation (mIoU + FID)...

  Testing control strength: 1.0
⚠️ No segmentor loaded, skipping mIoU evaluation
    mIoU: 0.0000
    FID: 162.69

mIoU: 0.0000 | Best: 0.0000
FID: 162.69 | Best: 160.89
Val loss: 0.1524 | Best: 0.1041
⚠️ No segmentor loaded - mIoU tracking disabled
✓ Checkpoint saved: /home/woody/iwi5/iwi5388h/SENSATION/DDPM/outputs/checkpoints/run_20260214_200134_step_001534.pt
Removed old checkpoint: run_20260214_200134_step_001298.pt
======================================================================


Epoch 27/50
----------------------------------------------------------------------
Step 1550 | Loss: 0.1454 | LR: 1.00e-05

======================================================================
EPOCH 27/50 COMPLETE
======================================================================
Average training loss: 0.1482
Total steps: 1593

----------------------------------------------------------------------
END-OF-EPOCH FULL EVALUATION
----------------------------------------------------------------------

Running full evaluation (mIoU + FID)...

  Testing control strength: 1.0
⚠️ No segmentor loaded, skipping mIoU evaluation
    mIoU: 0.0000
    FID: 160.10

mIoU: 0.0000 | Best: 0.0000
FID: 160.10 | Best: 160.89
Val loss: 0.1277 | Best: 0.1041
★ NEW BEST FID!
⚠️ No segmentor loaded - mIoU tracking disabled
✓ Checkpoint saved: /home/woody/iwi5/iwi5388h/SENSATION/DDPM/outputs/checkpoints/run_20260214_200134_step_001593.pt
★ BEST FID MODEL saved: /home/woody/iwi5/iwi5388h/SENSATION/DDPM/outputs/checkpoints/best_fid_model.pt
Removed old checkpoint: run_20260214_200134_step_001357.pt
======================================================================


Epoch 28/50
----------------------------------------------------------------------
Step 1600 | Loss: 0.1278 | LR: 1.00e-05
Step 1650 | Loss: 0.1576 | LR: 1.00e-05

======================================================================
EPOCH 28/50 COMPLETE
======================================================================
Average training loss: 0.1505
Total steps: 1652

----------------------------------------------------------------------
END-OF-EPOCH FULL EVALUATION
----------------------------------------------------------------------

Running full evaluation (mIoU + FID)...

  Testing control strength: 1.0
⚠️ No segmentor loaded, skipping mIoU evaluation
    mIoU: 0.0000
    FID: 160.13

mIoU: 0.0000 | Best: 0.0000
FID: 160.13 | Best: 160.10
Val loss: 0.1407 | Best: 0.1041
⚠️ No segmentor loaded - mIoU tracking disabled
✓ Checkpoint saved: /home/woody/iwi5/iwi5388h/SENSATION/DDPM/outputs/checkpoints/run_20260214_200134_step_001652.pt
Removed old checkpoint: run_20260214_200134_step_001416.pt
======================================================================


Epoch 29/50
----------------------------------------------------------------------
Step 1700 | Loss: 0.1634 | LR: 1.00e-05

======================================================================
EPOCH 29/50 COMPLETE
======================================================================
Average training loss: 0.1639
Total steps: 1711

----------------------------------------------------------------------
END-OF-EPOCH FULL EVALUATION
----------------------------------------------------------------------

Running full evaluation (mIoU + FID)...

  Testing control strength: 1.0
⚠️ No segmentor loaded, skipping mIoU evaluation
    mIoU: 0.0000
    FID: 159.76

mIoU: 0.0000 | Best: 0.0000
FID: 159.76 | Best: 160.10
Val loss: 0.1258 | Best: 0.1041
★ NEW BEST FID!
⚠️ No segmentor loaded - mIoU tracking disabled
✓ Checkpoint saved: /home/woody/iwi5/iwi5388h/SENSATION/DDPM/outputs/checkpoints/run_20260214_200134_step_001711.pt
★ BEST FID MODEL saved: /home/woody/iwi5/iwi5388h/SENSATION/DDPM/outputs/checkpoints/best_fid_model.pt
Removed old checkpoint: run_20260214_200134_step_001475.pt
======================================================================


Epoch 30/50
----------------------------------------------------------------------
Step 1750 | Loss: 0.1285 | LR: 1.00e-05

======================================================================
EPOCH 30/50 COMPLETE
======================================================================
Average training loss: 0.1559
Total steps: 1770

----------------------------------------------------------------------
END-OF-EPOCH FULL EVALUATION
----------------------------------------------------------------------

Running full evaluation (mIoU + FID)...

  Testing control strength: 1.0
⚠️ No segmentor loaded, skipping mIoU evaluation
    mIoU: 0.0000
    FID: 159.41

mIoU: 0.0000 | Best: 0.0000
FID: 159.41 | Best: 159.76
Val loss: 0.1306 | Best: 0.1041
★ NEW BEST FID!
⚠️ No segmentor loaded - mIoU tracking disabled
✓ Checkpoint saved: /home/woody/iwi5/iwi5388h/SENSATION/DDPM/outputs/checkpoints/run_20260214_200134_step_001770.pt
★ BEST FID MODEL saved: /home/woody/iwi5/iwi5388h/SENSATION/DDPM/outputs/checkpoints/best_fid_model.pt
Removed old checkpoint: run_20260214_200134_step_001500.pt
======================================================================


Epoch 31/50
----------------------------------------------------------------------
Step 1800 | Loss: 0.1815 | LR: 1.00e-05

======================================================================
EPOCH 31/50 COMPLETE
======================================================================
Average training loss: 0.1502
Total steps: 1829

----------------------------------------------------------------------
END-OF-EPOCH FULL EVALUATION
----------------------------------------------------------------------

Running full evaluation (mIoU + FID)...

  Testing control strength: 1.0
⚠️ No segmentor loaded, skipping mIoU evaluation
    mIoU: 0.0000
    FID: 158.69

mIoU: 0.0000 | Best: 0.0000
FID: 158.69 | Best: 159.41
Val loss: 0.1558 | Best: 0.1041
★ NEW BEST FID!
⚠️ No segmentor loaded - mIoU tracking disabled
✓ Checkpoint saved: /home/woody/iwi5/iwi5388h/SENSATION/DDPM/outputs/checkpoints/run_20260214_200134_step_001829.pt
★ BEST FID MODEL saved: /home/woody/iwi5/iwi5388h/SENSATION/DDPM/outputs/checkpoints/best_fid_model.pt
Removed old checkpoint: run_20260214_200134_step_001534.pt
======================================================================


Epoch 32/50
----------------------------------------------------------------------
Step 1850 | Loss: 0.1316 | LR: 1.00e-05

======================================================================
EPOCH 32/50 COMPLETE
======================================================================
Average training loss: 0.1498
Total steps: 1888

----------------------------------------------------------------------
END-OF-EPOCH FULL EVALUATION
----------------------------------------------------------------------

Running full evaluation (mIoU + FID)...

  Testing control strength: 1.0
⚠️ No segmentor loaded, skipping mIoU evaluation
    mIoU: 0.0000
    FID: 159.90

mIoU: 0.0000 | Best: 0.0000
FID: 159.90 | Best: 158.69
Val loss: 0.1870 | Best: 0.1041
⚠️ No segmentor loaded - mIoU tracking disabled
✓ Checkpoint saved: /home/woody/iwi5/iwi5388h/SENSATION/DDPM/outputs/checkpoints/run_20260214_200134_step_001888.pt
Removed old checkpoint: run_20260214_200134_step_001593.pt
======================================================================


Epoch 33/50
----------------------------------------------------------------------
Step 1900 | Loss: 0.1486 | LR: 1.00e-05

======================================================================
EPOCH 33/50 COMPLETE
======================================================================
Average training loss: 0.1600
Total steps: 1947

----------------------------------------------------------------------
END-OF-EPOCH FULL EVALUATION
----------------------------------------------------------------------

Running full evaluation (mIoU + FID)...

  Testing control strength: 1.0
⚠️ No segmentor loaded, skipping mIoU evaluation
    mIoU: 0.0000
    FID: 157.13

mIoU: 0.0000 | Best: 0.0000
FID: 157.13 | Best: 158.69
Val loss: 0.1396 | Best: 0.1041
★ NEW BEST FID!
⚠️ No segmentor loaded - mIoU tracking disabled
✓ Checkpoint saved: /home/woody/iwi5/iwi5388h/SENSATION/DDPM/outputs/checkpoints/run_20260214_200134_step_001947.pt
★ BEST FID MODEL saved: /home/woody/iwi5/iwi5388h/SENSATION/DDPM/outputs/checkpoints/best_fid_model.pt
Removed old checkpoint: run_20260214_200134_step_001652.pt
======================================================================


Epoch 34/50
----------------------------------------------------------------------
Step 1950 | Loss: 0.1803 | LR: 1.00e-05
Step 2000 | Loss: 0.1462 | LR: 1.00e-05

======================================================================
VALIDATION - Step 2000
======================================================================
Train loss: 0.1521
Val loss: 0.1349
★ NEW BEST OVERALL!
======================================================================

✓ Saved 4 samples to /home/woody/iwi5/iwi5388h/SENSATION/DDPM/outputs/samples/step_002000_20260214_224714
  - Concatenated visualizations: sample_*_concat.png
  - 4 variations per prompt
✓ Checkpoint saved: /home/woody/iwi5/iwi5388h/SENSATION/DDPM/outputs/checkpoints/run_20260214_200134_step_002000.pt
★ BEST MODEL OVERALL saved: /home/woody/iwi5/iwi5388h/SENSATION/DDPM/outputs/checkpoints/best_model_overall.pt
Removed old checkpoint: run_20260214_200134_step_001711.pt

======================================================================
EPOCH 34/50 COMPLETE
======================================================================
Average training loss: 0.1507
Total steps: 2006

----------------------------------------------------------------------
END-OF-EPOCH FULL EVALUATION
----------------------------------------------------------------------

Running full evaluation (mIoU + FID)...

  Testing control strength: 1.0
⚠️ No segmentor loaded, skipping mIoU evaluation
    mIoU: 0.0000
    FID: 159.23

mIoU: 0.0000 | Best: 0.0000
FID: 159.23 | Best: 157.13
Val loss: 0.1987 | Best: 0.1041
⚠️ No segmentor loaded - mIoU tracking disabled
✓ Checkpoint saved: /home/woody/iwi5/iwi5388h/SENSATION/DDPM/outputs/checkpoints/run_20260214_200134_step_002006.pt
Removed old checkpoint: run_20260214_200134_step_001770.pt
======================================================================


Epoch 35/50
----------------------------------------------------------------------
Step 2050 | Loss: 0.1401 | LR: 1.00e-05

======================================================================
EPOCH 35/50 COMPLETE
======================================================================
Average training loss: 0.1496
Total steps: 2065

----------------------------------------------------------------------
END-OF-EPOCH FULL EVALUATION
----------------------------------------------------------------------

Running full evaluation (mIoU + FID)...

  Testing control strength: 1.0
⚠️ No segmentor loaded, skipping mIoU evaluation
    mIoU: 0.0000
    FID: 160.37

mIoU: 0.0000 | Best: 0.0000
FID: 160.37 | Best: 157.13
Val loss: 0.1480 | Best: 0.1041
⚠️ No segmentor loaded - mIoU tracking disabled
✓ Checkpoint saved: /home/woody/iwi5/iwi5388h/SENSATION/DDPM/outputs/checkpoints/run_20260214_200134_step_002065.pt
Removed old checkpoint: run_20260214_200134_step_001829.pt
======================================================================


Epoch 36/50
----------------------------------------------------------------------
Step 2100 | Loss: 0.1307 | LR: 1.00e-05

======================================================================
EPOCH 36/50 COMPLETE
======================================================================
Average training loss: 0.1580
Total steps: 2124

----------------------------------------------------------------------
END-OF-EPOCH FULL EVALUATION
----------------------------------------------------------------------

Running full evaluation (mIoU + FID)...

  Testing control strength: 1.0
⚠️ No segmentor loaded, skipping mIoU evaluation
    mIoU: 0.0000
    FID: 158.65

mIoU: 0.0000 | Best: 0.0000
FID: 158.65 | Best: 157.13
Val loss: 0.1145 | Best: 0.1041
⚠️ No segmentor loaded - mIoU tracking disabled
✓ Checkpoint saved: /home/woody/iwi5/iwi5388h/SENSATION/DDPM/outputs/checkpoints/run_20260214_200134_step_002124.pt
Removed old checkpoint: run_20260214_200134_step_001888.pt
======================================================================


Epoch 37/50
----------------------------------------------------------------------
Step 2150 | Loss: 0.1491 | LR: 1.00e-05

======================================================================
EPOCH 37/50 COMPLETE
======================================================================
Average training loss: 0.1476
Total steps: 2183

----------------------------------------------------------------------
END-OF-EPOCH FULL EVALUATION
----------------------------------------------------------------------

Running full evaluation (mIoU + FID)...

  Testing control strength: 1.0
⚠️ No segmentor loaded, skipping mIoU evaluation
    mIoU: 0.0000
    FID: 158.04

mIoU: 0.0000 | Best: 0.0000
FID: 158.04 | Best: 157.13
Val loss: 0.1288 | Best: 0.1041
⚠️ No segmentor loaded - mIoU tracking disabled
✓ Checkpoint saved: /home/woody/iwi5/iwi5388h/SENSATION/DDPM/outputs/checkpoints/run_20260214_200134_step_002183.pt
Removed old checkpoint: run_20260214_200134_step_001947.pt
======================================================================


Epoch 38/50
----------------------------------------------------------------------
Step 2200 | Loss: 0.1344 | LR: 1.00e-05

======================================================================
EPOCH 38/50 COMPLETE
======================================================================
Average training loss: 0.1432
Total steps: 2242

----------------------------------------------------------------------
END-OF-EPOCH FULL EVALUATION
----------------------------------------------------------------------

Running full evaluation (mIoU + FID)...

  Testing control strength: 1.0
⚠️ No segmentor loaded, skipping mIoU evaluation
    mIoU: 0.0000
    FID: 157.19

mIoU: 0.0000 | Best: 0.0000
FID: 157.19 | Best: 157.13
Val loss: 0.1677 | Best: 0.1041
⚠️ No segmentor loaded - mIoU tracking disabled
✓ Checkpoint saved: /home/woody/iwi5/iwi5388h/SENSATION/DDPM/outputs/checkpoints/run_20260214_200134_step_002242.pt
Removed old checkpoint: run_20260214_200134_step_002000.pt
======================================================================


Epoch 39/50
----------------------------------------------------------------------
Step 2250 | Loss: 0.1463 | LR: 1.00e-05
Step 2300 | Loss: 0.1451 | LR: 1.00e-05

======================================================================
EPOCH 39/50 COMPLETE
======================================================================
Average training loss: 0.1502
Total steps: 2301

----------------------------------------------------------------------
END-OF-EPOCH FULL EVALUATION
----------------------------------------------------------------------

Running full evaluation (mIoU + FID)...

  Testing control strength: 1.0
⚠️ No segmentor loaded, skipping mIoU evaluation
    mIoU: 0.0000
    FID: 157.01

mIoU: 0.0000 | Best: 0.0000
FID: 157.01 | Best: 157.13
Val loss: 0.1425 | Best: 0.1041
★ NEW BEST FID!
⚠️ No segmentor loaded - mIoU tracking disabled
✓ Checkpoint saved: /home/woody/iwi5/iwi5388h/SENSATION/DDPM/outputs/checkpoints/run_20260214_200134_step_002301.pt
★ BEST FID MODEL saved: /home/woody/iwi5/iwi5388h/SENSATION/DDPM/outputs/checkpoints/best_fid_model.pt
Removed old checkpoint: run_20260214_200134_step_002006.pt
======================================================================


Epoch 40/50
----------------------------------------------------------------------
Step 2350 | Loss: 0.1567 | LR: 1.00e-05

======================================================================
EPOCH 40/50 COMPLETE
======================================================================
Average training loss: 0.1449
Total steps: 2360

----------------------------------------------------------------------
END-OF-EPOCH FULL EVALUATION
----------------------------------------------------------------------

Running full evaluation (mIoU + FID)...

  Testing control strength: 1.0
⚠️ No segmentor loaded, skipping mIoU evaluation
    mIoU: 0.0000
    FID: 154.27

mIoU: 0.0000 | Best: 0.0000
FID: 154.27 | Best: 157.01
Val loss: 0.1779 | Best: 0.1041
★ NEW BEST FID!
⚠️ No segmentor loaded - mIoU tracking disabled
✓ Checkpoint saved: /home/woody/iwi5/iwi5388h/SENSATION/DDPM/outputs/checkpoints/run_20260214_200134_step_002360.pt
★ BEST FID MODEL saved: /home/woody/iwi5/iwi5388h/SENSATION/DDPM/outputs/checkpoints/best_fid_model.pt
Removed old checkpoint: run_20260214_200134_step_002065.pt
======================================================================


Epoch 41/50
----------------------------------------------------------------------
Step 2400 | Loss: 0.1868 | LR: 1.00e-05

======================================================================
EPOCH 41/50 COMPLETE
======================================================================
Average training loss: 0.1570
Total steps: 2419

----------------------------------------------------------------------
END-OF-EPOCH FULL EVALUATION
----------------------------------------------------------------------

Running full evaluation (mIoU + FID)...

  Testing control strength: 1.0
⚠️ No segmentor loaded, skipping mIoU evaluation
    mIoU: 0.0000
    FID: 155.70

mIoU: 0.0000 | Best: 0.0000
FID: 155.70 | Best: 154.27
Val loss: 0.1533 | Best: 0.1041
⚠️ No segmentor loaded - mIoU tracking disabled
✓ Checkpoint saved: /home/woody/iwi5/iwi5388h/SENSATION/DDPM/outputs/checkpoints/run_20260214_200134_step_002419.pt
Removed old checkpoint: run_20260214_200134_step_002124.pt
======================================================================


Epoch 42/50
----------------------------------------------------------------------
Step 2450 | Loss: 0.1795 | LR: 1.00e-05

======================================================================
EPOCH 42/50 COMPLETE
======================================================================
Average training loss: 0.1607
Total steps: 2478

----------------------------------------------------------------------
END-OF-EPOCH FULL EVALUATION
----------------------------------------------------------------------

Running full evaluation (mIoU + FID)...

  Testing control strength: 1.0
⚠️ No segmentor loaded, skipping mIoU evaluation
    mIoU: 0.0000
    FID: 158.44

mIoU: 0.0000 | Best: 0.0000
FID: 158.44 | Best: 154.27
Val loss: 0.1722 | Best: 0.1041
⚠️ No segmentor loaded - mIoU tracking disabled
✓ Checkpoint saved: /home/woody/iwi5/iwi5388h/SENSATION/DDPM/outputs/checkpoints/run_20260214_200134_step_002478.pt
Removed old checkpoint: run_20260214_200134_step_002183.pt
======================================================================


Epoch 43/50
----------------------------------------------------------------------
Step 2500 | Loss: 0.1537 | LR: 1.00e-05
✓ Checkpoint saved: /home/woody/iwi5/iwi5388h/SENSATION/DDPM/outputs/checkpoints/run_20260214_200134_step_002500.pt
Removed old checkpoint: run_20260214_200134_step_002242.pt

======================================================================
EPOCH 43/50 COMPLETE
======================================================================
Average training loss: 0.1595
Total steps: 2537

----------------------------------------------------------------------
END-OF-EPOCH FULL EVALUATION
----------------------------------------------------------------------

Running full evaluation (mIoU + FID)...

  Testing control strength: 1.0
⚠️ No segmentor loaded, skipping mIoU evaluation
    mIoU: 0.0000
    FID: 157.31

mIoU: 0.0000 | Best: 0.0000
FID: 157.31 | Best: 154.27
Val loss: 0.1785 | Best: 0.1041
⚠️ No segmentor loaded - mIoU tracking disabled
✓ Checkpoint saved: /home/woody/iwi5/iwi5388h/SENSATION/DDPM/outputs/checkpoints/run_20260214_200134_step_002537.pt
Removed old checkpoint: run_20260214_200134_step_002301.pt
======================================================================


Epoch 44/50
----------------------------------------------------------------------
Step 2550 | Loss: 0.1642 | LR: 1.00e-05

======================================================================
EPOCH 44/50 COMPLETE
======================================================================
Average training loss: 0.1589
Total steps: 2596

----------------------------------------------------------------------
END-OF-EPOCH FULL EVALUATION
----------------------------------------------------------------------

Running full evaluation (mIoU + FID)...

  Testing control strength: 1.0
⚠️ No segmentor loaded, skipping mIoU evaluation
    mIoU: 0.0000
    FID: 156.76

mIoU: 0.0000 | Best: 0.0000
FID: 156.76 | Best: 154.27
Val loss: 0.1357 | Best: 0.1041
⚠️ No segmentor loaded - mIoU tracking disabled
✓ Checkpoint saved: /home/woody/iwi5/iwi5388h/SENSATION/DDPM/outputs/checkpoints/run_20260214_200134_step_002596.pt
Removed old checkpoint: run_20260214_200134_step_002360.pt
======================================================================


Epoch 45/50
----------------------------------------------------------------------
Step 2600 | Loss: 0.1355 | LR: 1.00e-05
Step 2650 | Loss: 0.1384 | LR: 1.00e-05

======================================================================
EPOCH 45/50 COMPLETE
======================================================================
Average training loss: 0.1664
Total steps: 2655

----------------------------------------------------------------------
END-OF-EPOCH FULL EVALUATION
----------------------------------------------------------------------

Running full evaluation (mIoU + FID)...

  Testing control strength: 1.0
⚠️ No segmentor loaded, skipping mIoU evaluation
    mIoU: 0.0000
    FID: 157.64

mIoU: 0.0000 | Best: 0.0000
FID: 157.64 | Best: 154.27
Val loss: 0.1248 | Best: 0.1041
⚠️ No segmentor loaded - mIoU tracking disabled
✓ Checkpoint saved: /home/woody/iwi5/iwi5388h/SENSATION/DDPM/outputs/checkpoints/run_20260214_200134_step_002655.pt
Removed old checkpoint: run_20260214_200134_step_002419.pt
======================================================================


Epoch 46/50
----------------------------------------------------------------------
Step 2700 | Loss: 0.1423 | LR: 1.00e-05

======================================================================
EPOCH 46/50 COMPLETE
======================================================================
Average training loss: 0.1469
Total steps: 2714

----------------------------------------------------------------------
END-OF-EPOCH FULL EVALUATION
----------------------------------------------------------------------

Running full evaluation (mIoU + FID)...

  Testing control strength: 1.0
⚠️ No segmentor loaded, skipping mIoU evaluation
    mIoU: 0.0000
    FID: 158.17

mIoU: 0.0000 | Best: 0.0000
FID: 158.17 | Best: 154.27
Val loss: 0.1816 | Best: 0.1041
⚠️ No segmentor loaded - mIoU tracking disabled
✓ Checkpoint saved: /home/woody/iwi5/iwi5388h/SENSATION/DDPM/outputs/checkpoints/run_20260214_200134_step_002714.pt
Removed old checkpoint: run_20260214_200134_step_002478.pt
======================================================================


Epoch 47/50
----------------------------------------------------------------------
Step 2750 | Loss: 0.1386 | LR: 1.00e-05

======================================================================
EPOCH 47/50 COMPLETE
======================================================================
Average training loss: 0.1475
Total steps: 2773

----------------------------------------------------------------------
END-OF-EPOCH FULL EVALUATION
----------------------------------------------------------------------

Running full evaluation (mIoU + FID)...

  Testing control strength: 1.0
⚠️ No segmentor loaded, skipping mIoU evaluation
    mIoU: 0.0000
    FID: 157.13

mIoU: 0.0000 | Best: 0.0000
FID: 157.13 | Best: 154.27
Val loss: 0.2020 | Best: 0.1041
⚠️ No segmentor loaded - mIoU tracking disabled
✓ Checkpoint saved: /home/woody/iwi5/iwi5388h/SENSATION/DDPM/outputs/checkpoints/run_20260214_200134_step_002773.pt
Removed old checkpoint: run_20260214_200134_step_002500.pt
======================================================================


Epoch 48/50
----------------------------------------------------------------------
Step 2800 | Loss: 0.1858 | LR: 1.00e-05

======================================================================
EPOCH 48/50 COMPLETE
======================================================================
Average training loss: 0.1556
Total steps: 2832

----------------------------------------------------------------------
END-OF-EPOCH FULL EVALUATION
----------------------------------------------------------------------

Running full evaluation (mIoU + FID)...

  Testing control strength: 1.0
⚠️ No segmentor loaded, skipping mIoU evaluation
    mIoU: 0.0000
    FID: 158.31

mIoU: 0.0000 | Best: 0.0000
FID: 158.31 | Best: 154.27
Val loss: 0.1125 | Best: 0.1041
⚠️ No segmentor loaded - mIoU tracking disabled
✓ Checkpoint saved: /home/woody/iwi5/iwi5388h/SENSATION/DDPM/outputs/checkpoints/run_20260214_200134_step_002832.pt
Removed old checkpoint: run_20260214_200134_step_002537.pt
======================================================================


Epoch 49/50
----------------------------------------------------------------------
Step 2850 | Loss: 0.1808 | LR: 1.00e-05

======================================================================
EPOCH 49/50 COMPLETE
======================================================================
Average training loss: 0.1569
Total steps: 2891

----------------------------------------------------------------------
END-OF-EPOCH FULL EVALUATION
----------------------------------------------------------------------

Running full evaluation (mIoU + FID)...

  Testing control strength: 1.0
⚠️ No segmentor loaded, skipping mIoU evaluation
    mIoU: 0.0000
    FID: 157.01

mIoU: 0.0000 | Best: 0.0000
FID: 157.01 | Best: 154.27
Val loss: 0.1736 | Best: 0.1041
⚠️ No segmentor loaded - mIoU tracking disabled
✓ Checkpoint saved: /home/woody/iwi5/iwi5388h/SENSATION/DDPM/outputs/checkpoints/run_20260214_200134_step_002891.pt
Removed old checkpoint: run_20260214_200134_step_002596.pt
======================================================================


Epoch 50/50
----------------------------------------------------------------------
Step 2900 | Loss: 0.1582 | LR: 1.00e-05
Step 2950 | Loss: 0.1551 | LR: 1.00e-05

======================================================================
EPOCH 50/50 COMPLETE
======================================================================
Average training loss: 0.1559
Total steps: 2950

----------------------------------------------------------------------
END-OF-EPOCH FULL EVALUATION
----------------------------------------------------------------------

Running full evaluation (mIoU + FID)...

  Testing control strength: 1.0
⚠️ No segmentor loaded, skipping mIoU evaluation
    mIoU: 0.0000
    FID: 157.11

mIoU: 0.0000 | Best: 0.0000
FID: 157.11 | Best: 154.27
Val loss: 0.1585 | Best: 0.1041
⚠️ No segmentor loaded - mIoU tracking disabled
✓ Checkpoint saved: /home/woody/iwi5/iwi5388h/SENSATION/DDPM/outputs/checkpoints/run_20260214_200134_step_002950.pt
Removed old checkpoint: run_20260214_200134_step_002655.pt
======================================================================


======================================================================
TRAINING COMPLETE
======================================================================
Best mIoU (PRIMARY): 0.0000
Best FID: 154.27
Best val loss: 0.1041
Total steps: 2950
Run ID: 1530706
Metrics log: /home/woody/iwi5/iwi5388h/SENSATION/DDPM/outputs/logs/metrics_1530706.csv
======================================================================

========================================================================
Job finished at: Sun Feb 15 12:08:59 AM CET 2026
========================================================================
=== JOB_STATISTICS ===
=== current date     : Sun Feb 15 12:09:00 AM CET 2026
= Job-ID             : 1530706 on tinygpu
= Job-Name           : controlnet_a100
= Job-Command        : /home/woody/iwi5/iwi5388h/SENSATION/DDPM/jobs/train_phase1.sh
= Initial workdir    : /home/woody/iwi5/iwi5388h/SENSATION/DDPM
= Queue/Partition    : a100
= Slurm account      : iwi5 with QOS=normal
= Requested resources:  for 08:00:00
= Elapsed runtime    : 04:13:38
= Total RAM usage    : 52.0 GiB of requested  GiB (%)   
= Node list          : tg091
= Subm/Elig/Start/End: 2026-02-14T09:51:48 / 2026-02-14T09:51:48 / 2026-02-14T19:55:22 / 2026-02-15T00:09:00
======================
=== Quota infos ======
    Path                 Used     SoftQ    HardQ    Gracetime  Filec    FileQ    FiHaQ    FileGrace    
    /home/woody           148.2G  1000.0G  1500.0G        N/A     131K   5,000K   7,500K        N/A    
======================
=== GPU utilization ==
gpu_name, gpu_bus_id, pid, gpu_utilization [%], mem_utilization [%], max_memory_usage [MiB], time [ms]
NVIDIA A100-SXM4-40GB, 00000000:41:00.0, 150920, 61 %, 17 %, 14826 MiB, 15176870 ms
